<?xml version="1.0" encoding="UTF-8"?>
<!-- Generated by org.testng.reporters.JUnitXMLReporter -->
<testsuite hostname="DESKTOP-NMJEUIO" ignored="0" tests="0" failures="0" timestamp="26 Nov 2019 11:36:04 GMT" time="0.012" errors="0">
  <testcase name="@BeforeSuite initialize" time="0.0" classname="practise_tests.practise_Testbase">
    <failure type="org.testng.TestNGException" message="
Parameter &amp;apos;myBrowser&amp;apos; is required by BeforeSuite on method initialize but has not been marked @Optional or defined
in C:\Users\Sethuru\eclipse-workspace\Regular\testng3.xml">
      <![CDATA[org.testng.TestNGException: 
Parameter 'myBrowser' is required by BeforeSuite on method initialize but has not been marked @Optional or defined
in C:\Users\Sethuru\eclipse-workspace\Regular\testng3.xml
... Removed 17 stack frames]]>
    </failure>
  </testcase> <!-- @BeforeSuite initialize -->
</testsuite>
