<?xml version="1.0" encoding="UTF-8"?>
<testsuite xmlns:xsi="http://www.w3.org/2001/XMLSchema-instance" xsi:noNamespaceSchemaLocation="https://maven.apache.org/surefire/maven-surefire-plugin/xsd/surefire-test-report-3.0.xsd" version="3.0" name="TestSuite" time="26.657" tests="3" errors="0" skipped="2" failures="1">
  <properties>
    <property name="sun.desktop" value="windows"/>
    <property name="awt.toolkit" value="sun.awt.windows.WToolkit"/>
    <property name="file.encoding.pkg" value="sun.io"/>
    <property name="java.specification.version" value="1.8"/>
    <property name="sun.cpu.isalist" value="amd64"/>
    <property name="sun.jnu.encoding" value="Cp1252"/>
    <property name="java.class.path" value="C:\Users\Sethuru\eclipse-workspace\Regular\target\test-classes;C:\Users\Sethuru\eclipse-workspace\Regular\target\classes;C:\Users\Sethuru\.m2\repository\org\apache\poi\poi\4.1.0\poi-4.1.0.jar;C:\Users\Sethuru\.m2\repository\commons-codec\commons-codec\1.12\commons-codec-1.12.jar;C:\Users\Sethuru\.m2\repository\org\apache\commons\commons-collections4\4.3\commons-collections4-4.3.jar;C:\Users\Sethuru\.m2\repository\org\apache\commons\commons-math3\3.6.1\commons-math3-3.6.1.jar;C:\Users\Sethuru\.m2\repository\org\apache\poi\poi-ooxml\4.1.0\poi-ooxml-4.1.0.jar;C:\Users\Sethuru\.m2\repository\org\apache\poi\poi-ooxml-schemas\4.1.0\poi-ooxml-schemas-4.1.0.jar;C:\Users\Sethuru\.m2\repository\org\apache\xmlbeans\xmlbeans\3.1.0\xmlbeans-3.1.0.jar;C:\Users\Sethuru\.m2\repository\org\apache\commons\commons-compress\1.18\commons-compress-1.18.jar;C:\Users\Sethuru\.m2\repository\com\github\virtuald\curvesapi\1.06\curvesapi-1.06.jar;C:\Users\Sethuru\.m2\repository\org\seleniumhq\selenium\selenium-java\3.141.59\selenium-java-3.141.59.jar;C:\Users\Sethuru\.m2\repository\org\seleniumhq\selenium\selenium-api\3.141.59\selenium-api-3.141.59.jar;C:\Users\Sethuru\.m2\repository\org\seleniumhq\selenium\selenium-chrome-driver\3.141.59\selenium-chrome-driver-3.141.59.jar;C:\Users\Sethuru\.m2\repository\org\seleniumhq\selenium\selenium-edge-driver\3.141.59\selenium-edge-driver-3.141.59.jar;C:\Users\Sethuru\.m2\repository\org\seleniumhq\selenium\selenium-firefox-driver\3.141.59\selenium-firefox-driver-3.141.59.jar;C:\Users\Sethuru\.m2\repository\org\seleniumhq\selenium\selenium-ie-driver\3.141.59\selenium-ie-driver-3.141.59.jar;C:\Users\Sethuru\.m2\repository\org\seleniumhq\selenium\selenium-opera-driver\3.141.59\selenium-opera-driver-3.141.59.jar;C:\Users\Sethuru\.m2\repository\org\seleniumhq\selenium\selenium-remote-driver\3.141.59\selenium-remote-driver-3.141.59.jar;C:\Users\Sethuru\.m2\repository\org\seleniumhq\selenium\selenium-safari-driver\3.141.59\selenium-safari-driver-3.141.59.jar;C:\Users\Sethuru\.m2\repository\org\seleniumhq\selenium\selenium-support\3.141.59\selenium-support-3.141.59.jar;C:\Users\Sethuru\.m2\repository\net\bytebuddy\byte-buddy\1.8.15\byte-buddy-1.8.15.jar;C:\Users\Sethuru\.m2\repository\org\apache\commons\commons-exec\1.3\commons-exec-1.3.jar;C:\Users\Sethuru\.m2\repository\com\google\guava\guava\25.0-jre\guava-25.0-jre.jar;C:\Users\Sethuru\.m2\repository\com\google\code\findbugs\jsr305\1.3.9\jsr305-1.3.9.jar;C:\Users\Sethuru\.m2\repository\org\checkerframework\checker-compat-qual\2.0.0\checker-compat-qual-2.0.0.jar;C:\Users\Sethuru\.m2\repository\com\google\errorprone\error_prone_annotations\2.1.3\error_prone_annotations-2.1.3.jar;C:\Users\Sethuru\.m2\repository\com\google\j2objc\j2objc-annotations\1.1\j2objc-annotations-1.1.jar;C:\Users\Sethuru\.m2\repository\org\codehaus\mojo\animal-sniffer-annotations\1.14\animal-sniffer-annotations-1.14.jar;C:\Users\Sethuru\.m2\repository\com\squareup\okhttp3\okhttp\3.11.0\okhttp-3.11.0.jar;C:\Users\Sethuru\.m2\repository\com\squareup\okio\okio\1.14.0\okio-1.14.0.jar;C:\Users\Sethuru\.m2\repository\org\testng\testng\6.14.3\testng-6.14.3.jar;C:\Users\Sethuru\.m2\repository\com\beust\jcommander\1.72\jcommander-1.72.jar;C:\Users\Sethuru\.m2\repository\org\apache-extras\beanshell\bsh\2.0b6\bsh-2.0b6.jar;"/>
    <property name="java.vm.vendor" value="Oracle Corporation"/>
    <property name="sun.arch.data.model" value="64"/>
    <property name="user.variant" value=""/>
    <property name="java.vendor.url" value="http://java.oracle.com/"/>
    <property name="user.timezone" value="Asia/Calcutta"/>
    <property name="java.vm.specification.version" value="1.8"/>
    <property name="os.name" value="Windows 10"/>
    <property name="user.country" value="US"/>
    <property name="sun.java.launcher" value="SUN_STANDARD"/>
    <property name="sun.boot.library.path" value="C:\Program Files\Java\jre1.8.0_231\bin"/>
    <property name="sun.java.command" value="C:\Users\Sethuru\AppData\Local\Temp\surefire6301041143288382373\surefirebooter7100276732312732533.jar C:\Users\Sethuru\AppData\Local\Temp\surefire6301041143288382373 2019-11-05T15-33-25_620-jvmRun1 surefire5772296163748434132tmp surefire_09092726534566207280tmp"/>
    <property name="surefire.test.class.path" value="C:\Users\Sethuru\eclipse-workspace\Regular\target\test-classes;C:\Users\Sethuru\eclipse-workspace\Regular\target\classes;C:\Users\Sethuru\.m2\repository\org\apache\poi\poi\4.1.0\poi-4.1.0.jar;C:\Users\Sethuru\.m2\repository\commons-codec\commons-codec\1.12\commons-codec-1.12.jar;C:\Users\Sethuru\.m2\repository\org\apache\commons\commons-collections4\4.3\commons-collections4-4.3.jar;C:\Users\Sethuru\.m2\repository\org\apache\commons\commons-math3\3.6.1\commons-math3-3.6.1.jar;C:\Users\Sethuru\.m2\repository\org\apache\poi\poi-ooxml\4.1.0\poi-ooxml-4.1.0.jar;C:\Users\Sethuru\.m2\repository\org\apache\poi\poi-ooxml-schemas\4.1.0\poi-ooxml-schemas-4.1.0.jar;C:\Users\Sethuru\.m2\repository\org\apache\xmlbeans\xmlbeans\3.1.0\xmlbeans-3.1.0.jar;C:\Users\Sethuru\.m2\repository\org\apache\commons\commons-compress\1.18\commons-compress-1.18.jar;C:\Users\Sethuru\.m2\repository\com\github\virtuald\curvesapi\1.06\curvesapi-1.06.jar;C:\Users\Sethuru\.m2\repository\org\seleniumhq\selenium\selenium-java\3.141.59\selenium-java-3.141.59.jar;C:\Users\Sethuru\.m2\repository\org\seleniumhq\selenium\selenium-api\3.141.59\selenium-api-3.141.59.jar;C:\Users\Sethuru\.m2\repository\org\seleniumhq\selenium\selenium-chrome-driver\3.141.59\selenium-chrome-driver-3.141.59.jar;C:\Users\Sethuru\.m2\repository\org\seleniumhq\selenium\selenium-edge-driver\3.141.59\selenium-edge-driver-3.141.59.jar;C:\Users\Sethuru\.m2\repository\org\seleniumhq\selenium\selenium-firefox-driver\3.141.59\selenium-firefox-driver-3.141.59.jar;C:\Users\Sethuru\.m2\repository\org\seleniumhq\selenium\selenium-ie-driver\3.141.59\selenium-ie-driver-3.141.59.jar;C:\Users\Sethuru\.m2\repository\org\seleniumhq\selenium\selenium-opera-driver\3.141.59\selenium-opera-driver-3.141.59.jar;C:\Users\Sethuru\.m2\repository\org\seleniumhq\selenium\selenium-remote-driver\3.141.59\selenium-remote-driver-3.141.59.jar;C:\Users\Sethuru\.m2\repository\org\seleniumhq\selenium\selenium-safari-driver\3.141.59\selenium-safari-driver-3.141.59.jar;C:\Users\Sethuru\.m2\repository\org\seleniumhq\selenium\selenium-support\3.141.59\selenium-support-3.141.59.jar;C:\Users\Sethuru\.m2\repository\net\bytebuddy\byte-buddy\1.8.15\byte-buddy-1.8.15.jar;C:\Users\Sethuru\.m2\repository\org\apache\commons\commons-exec\1.3\commons-exec-1.3.jar;C:\Users\Sethuru\.m2\repository\com\google\guava\guava\25.0-jre\guava-25.0-jre.jar;C:\Users\Sethuru\.m2\repository\com\google\code\findbugs\jsr305\1.3.9\jsr305-1.3.9.jar;C:\Users\Sethuru\.m2\repository\org\checkerframework\checker-compat-qual\2.0.0\checker-compat-qual-2.0.0.jar;C:\Users\Sethuru\.m2\repository\com\google\errorprone\error_prone_annotations\2.1.3\error_prone_annotations-2.1.3.jar;C:\Users\Sethuru\.m2\repository\com\google\j2objc\j2objc-annotations\1.1\j2objc-annotations-1.1.jar;C:\Users\Sethuru\.m2\repository\org\codehaus\mojo\animal-sniffer-annotations\1.14\animal-sniffer-annotations-1.14.jar;C:\Users\Sethuru\.m2\repository\com\squareup\okhttp3\okhttp\3.11.0\okhttp-3.11.0.jar;C:\Users\Sethuru\.m2\repository\com\squareup\okio\okio\1.14.0\okio-1.14.0.jar;C:\Users\Sethuru\.m2\repository\org\testng\testng\6.14.3\testng-6.14.3.jar;C:\Users\Sethuru\.m2\repository\com\beust\jcommander\1.72\jcommander-1.72.jar;C:\Users\Sethuru\.m2\repository\org\apache-extras\beanshell\bsh\2.0b6\bsh-2.0b6.jar;"/>
    <property name="sun.cpu.endian" value="little"/>
    <property name="user.home" value="C:\Users\Sethuru"/>
    <property name="user.language" value="en"/>
    <property name="java.specification.vendor" value="Oracle Corporation"/>
    <property name="java.home" value="C:\Program Files\Java\jre1.8.0_231"/>
    <property name="basedir" value="C:\Users\Sethuru\eclipse-workspace\Regular"/>
    <property name="file.separator" value="\"/>
    <property name="line.separator" value="&#10;"/>
    <property name="java.vm.specification.vendor" value="Oracle Corporation"/>
    <property name="java.specification.name" value="Java Platform API Specification"/>
    <property name="java.awt.graphicsenv" value="sun.awt.Win32GraphicsEnvironment"/>
    <property name="surefire.real.class.path" value="C:\Users\Sethuru\AppData\Local\Temp\surefire6301041143288382373\surefirebooter7100276732312732533.jar"/>
    <property name="sun.boot.class.path" value="C:\Program Files\Java\jre1.8.0_231\lib\resources.jar;C:\Program Files\Java\jre1.8.0_231\lib\rt.jar;C:\Program Files\Java\jre1.8.0_231\lib\sunrsasign.jar;C:\Program Files\Java\jre1.8.0_231\lib\jsse.jar;C:\Program Files\Java\jre1.8.0_231\lib\jce.jar;C:\Program Files\Java\jre1.8.0_231\lib\charsets.jar;C:\Program Files\Java\jre1.8.0_231\lib\jfr.jar;C:\Program Files\Java\jre1.8.0_231\classes"/>
    <property name="user.script" value=""/>
    <property name="sun.management.compiler" value="HotSpot 64-Bit Tiered Compilers"/>
    <property name="java.runtime.version" value="1.8.0_231-b11"/>
    <property name="user.name" value="Sethuru"/>
    <property name="path.separator" value=";"/>
    <property name="os.version" value="10.0"/>
    <property name="java.endorsed.dirs" value="C:\Program Files\Java\jre1.8.0_231\lib\endorsed"/>
    <property name="java.runtime.name" value="Java(TM) SE Runtime Environment"/>
    <property name="file.encoding" value="Cp1252"/>
    <property name="java.vm.name" value="Java HotSpot(TM) 64-Bit Server VM"/>
    <property name="localRepository" value="C:\Users\Sethuru\.m2\repository"/>
    <property name="java.vendor.url.bug" value="http://bugreport.sun.com/bugreport/"/>
    <property name="java.io.tmpdir" value="C:\Users\Sethuru\AppData\Local\Temp\"/>
    <property name="java.version" value="1.8.0_231"/>
    <property name="user.dir" value="C:\Users\Sethuru\eclipse-workspace\Regular"/>
    <property name="os.arch" value="amd64"/>
    <property name="java.vm.specification.name" value="Java Virtual Machine Specification"/>
    <property name="java.awt.printerjob" value="sun.awt.windows.WPrinterJob"/>
    <property name="sun.os.patch.level" value=""/>
    <property name="java.library.path" value="C:\Program Files\Java\jre1.8.0_231\bin;C:\WINDOWS\Sun\Java\bin;C:\WINDOWS\system32;C:\WINDOWS;C:/Program Files/Java/jre1.8.0_231/bin/server;C:/Program Files/Java/jre1.8.0_231/bin;C:/Program Files/Java/jre1.8.0_231/lib/amd64;C:\Program Files (x86)\Common Files\Oracle\Java\javapath;C:\WINDOWS\system32;C:\WINDOWS;C:\WINDOWS\System32\Wbem;C:\WINDOWS\System32\WindowsPowerShell\v1.0\;C:\WINDOWS\System32\OpenSSH\;C:\Program Files\Java\jdk1.8.0_201\bin;C:\Users\Sethuru\Downloads\Study\apache-maven-3.6.0-bin\apache-maven-3.6.0\bin;C:\Program Files\Java\jre1.8.0_201\bin;C:\Program Files\Git\cmd;E:\adt-bundle-windows-x86-20140321\sdk\platform-tools;E:\adt-bundle-windows-x86-20140321\sdk\tools;C:\Users\Sethuru\AppData\Local\Programs\Appium;E:\adt-bundle-windows-x86-20140321\sdk\build-tools;C:\Program Files\nodejs\;C:\Program Files (x86)\Bluetooth Command Line Tools\bin;C:\Users\Sethuru\AppData\Local\Programs\Python\Python37\Scripts\;C:\Users\Sethuru\AppData\Local\Programs\Python\Python37\;C:\Users\Sethuru\AppData\Local\Microsoft\WindowsApps;C:\Program Files (x86)\Nmap;C:\Users\Sethuru\AppData\Roaming\npm;C:\Users\Sethuru\Downloads\eclipse-jee-photon-R-win32-x86_64\eclipse;;."/>
    <property name="java.vm.info" value="mixed mode"/>
    <property name="java.vendor" value="Oracle Corporation"/>
    <property name="java.vm.version" value="25.231-b11"/>
    <property name="java.ext.dirs" value="C:\Program Files\Java\jre1.8.0_231\lib\ext;C:\WINDOWS\Sun\Java\lib\ext"/>
    <property name="sun.io.unicode.encoding" value="UnicodeLittle"/>
    <property name="java.class.version" value="52.0"/>
  </properties>
  <testcase name="initialize" classname="tests.Testbase" time="23.661">
    <failure message="session not created: This version of ChromeDriver only supports Chrome version 75&#10;Build info: version: &apos;3.141.59&apos;, revision: &apos;e82be7d358&apos;, time: &apos;2018-11-14T08:17:03&apos;&#10;System info: host: &apos;DESKTOP-NMJEUIO&apos;, ip: &apos;169.254.249.197&apos;, os.name: &apos;Windows 10&apos;, os.arch: &apos;amd64&apos;, os.version: &apos;10.0&apos;, java.version: &apos;1.8.0_231&apos;&#10;Driver info: driver.version: ChromeDriver&#10;remote stacktrace: Backtrace:&#10;	Ordinal0 [0x00451B43+1448771]&#10;	Ordinal0 [0x003D5A31+940593]&#10;	Ordinal0 [0x00362293+467603]&#10;	Ordinal0 [0x002FF27E+62078]&#10;	Ordinal0 [0x002FBBBD+48061]&#10;	Ordinal0 [0x00318D09+167177]&#10;	Ordinal0 [0x003188DD+166109]&#10;	Ordinal0 [0x00316FEB+159723]&#10;	Ordinal0 [0x003009F6+68086]&#10;	Ordinal0 [0x00301990+72080]&#10;	Ordinal0 [0x00301929+71977]&#10;	GetHandleVerifier [0x00592E8C+1172172]&#10;	GetHandleVerifier [0x004EFE55+504469]&#10;	GetHandleVerifier [0x004EFBF0+503856]&#10;	Ordinal0 [0x0045C9C8+1493448]&#10;	GetHandleVerifier [0x004F062A+506474]&#10;	Ordinal0 [0x003E7156+1012054]&#10;	Ordinal0 [0x003E6FCF+1011663]&#10;	Ordinal0 [0x003F135B+1053531]&#10;	Ordinal0 [0x003F14C3+1053891]&#10;	Ordinal0 [0x003F04F5+1049845]&#10;	BaseThreadInitThunk [0x745A8494+36]&#10;	RtlAreBitsSet [0x775741C8+136]&#10;	RtlAreBitsSet [0x77574198+88]&#10;" type="org.openqa.selenium.SessionNotCreatedException">org.openqa.selenium.SessionNotCreatedException: 
session not created: This version of ChromeDriver only supports Chrome version 75
Build info: version: '3.141.59', revision: 'e82be7d358', time: '2018-11-14T08:17:03'
System info: host: 'DESKTOP-NMJEUIO', ip: '169.254.249.197', os.name: 'Windows 10', os.arch: 'amd64', os.version: '10.0', java.version: '1.8.0_231'
Driver info: driver.version: ChromeDriver
remote stacktrace: Backtrace:
	Ordinal0 [0x00451B43+1448771]
	Ordinal0 [0x003D5A31+940593]
	Ordinal0 [0x00362293+467603]
	Ordinal0 [0x002FF27E+62078]
	Ordinal0 [0x002FBBBD+48061]
	Ordinal0 [0x00318D09+167177]
	Ordinal0 [0x003188DD+166109]
	Ordinal0 [0x00316FEB+159723]
	Ordinal0 [0x003009F6+68086]
	Ordinal0 [0x00301990+72080]
	Ordinal0 [0x00301929+71977]
	GetHandleVerifier [0x00592E8C+1172172]
	GetHandleVerifier [0x004EFE55+504469]
	GetHandleVerifier [0x004EFBF0+503856]
	Ordinal0 [0x0045C9C8+1493448]
	GetHandleVerifier [0x004F062A+506474]
	Ordinal0 [0x003E7156+1012054]
	Ordinal0 [0x003E6FCF+1011663]
	Ordinal0 [0x003F135B+1053531]
	Ordinal0 [0x003F14C3+1053891]
	Ordinal0 [0x003F04F5+1049845]
	BaseThreadInitThunk [0x745A8494+36]
	RtlAreBitsSet [0x775741C8+136]
	RtlAreBitsSet [0x77574198+88]

	at tests.Testbase.initialize(Testbase.java:19)
</failure>
    <system-err><![CDATA[Starting ChromeDriver 75.0.3770.140 (2d9f97485c7b07dc18a74666574f19176731995c-refs/branch-heads/3770@{#1155}) on port 48103
Only local connections are allowed.
Please protect ports used by ChromeDriver and related test frameworks to prevent access by malicious code.
]]></system-err>
  </testcase>
  <testcase name="init" classname="tests.Gmail_login_test" time="0">
    <skipped message="session not created: This version of ChromeDriver only supports Chrome version 75&#10;Build info: version: &apos;3.141.59&apos;, revision: &apos;e82be7d358&apos;, time: &apos;2018-11-14T08:17:03&apos;&#10;System info: host: &apos;DESKTOP-NMJEUIO&apos;, ip: &apos;169.254.249.197&apos;, os.name: &apos;Windows 10&apos;, os.arch: &apos;amd64&apos;, os.version: &apos;10.0&apos;, java.version: &apos;1.8.0_231&apos;&#10;Driver info: driver.version: ChromeDriver&#10;remote stacktrace: Backtrace:&#10;	Ordinal0 [0x00451B43+1448771]&#10;	Ordinal0 [0x003D5A31+940593]&#10;	Ordinal0 [0x00362293+467603]&#10;	Ordinal0 [0x002FF27E+62078]&#10;	Ordinal0 [0x002FBBBD+48061]&#10;	Ordinal0 [0x00318D09+167177]&#10;	Ordinal0 [0x003188DD+166109]&#10;	Ordinal0 [0x00316FEB+159723]&#10;	Ordinal0 [0x003009F6+68086]&#10;	Ordinal0 [0x00301990+72080]&#10;	Ordinal0 [0x00301929+71977]&#10;	GetHandleVerifier [0x00592E8C+1172172]&#10;	GetHandleVerifier [0x004EFE55+504469]&#10;	GetHandleVerifier [0x004EFBF0+503856]&#10;	Ordinal0 [0x0045C9C8+1493448]&#10;	GetHandleVerifier [0x004F062A+506474]&#10;	Ordinal0 [0x003E7156+1012054]&#10;	Ordinal0 [0x003E6FCF+1011663]&#10;	Ordinal0 [0x003F135B+1053531]&#10;	Ordinal0 [0x003F14C3+1053891]&#10;	Ordinal0 [0x003F04F5+1049845]&#10;	BaseThreadInitThunk [0x745A8494+36]&#10;	RtlAreBitsSet [0x775741C8+136]&#10;	RtlAreBitsSet [0x77574198+88]&#10;"/>
  </testcase>
  <testcase name="login" classname="tests.Gmail_login_test" time="0">
    <skipped message="session not created: This version of ChromeDriver only supports Chrome version 75&#10;Build info: version: &apos;3.141.59&apos;, revision: &apos;e82be7d358&apos;, time: &apos;2018-11-14T08:17:03&apos;&#10;System info: host: &apos;DESKTOP-NMJEUIO&apos;, ip: &apos;169.254.249.197&apos;, os.name: &apos;Windows 10&apos;, os.arch: &apos;amd64&apos;, os.version: &apos;10.0&apos;, java.version: &apos;1.8.0_231&apos;&#10;Driver info: driver.version: ChromeDriver&#10;remote stacktrace: Backtrace:&#10;	Ordinal0 [0x00451B43+1448771]&#10;	Ordinal0 [0x003D5A31+940593]&#10;	Ordinal0 [0x00362293+467603]&#10;	Ordinal0 [0x002FF27E+62078]&#10;	Ordinal0 [0x002FBBBD+48061]&#10;	Ordinal0 [0x00318D09+167177]&#10;	Ordinal0 [0x003188DD+166109]&#10;	Ordinal0 [0x00316FEB+159723]&#10;	Ordinal0 [0x003009F6+68086]&#10;	Ordinal0 [0x00301990+72080]&#10;	Ordinal0 [0x00301929+71977]&#10;	GetHandleVerifier [0x00592E8C+1172172]&#10;	GetHandleVerifier [0x004EFE55+504469]&#10;	GetHandleVerifier [0x004EFBF0+503856]&#10;	Ordinal0 [0x0045C9C8+1493448]&#10;	GetHandleVerifier [0x004F062A+506474]&#10;	Ordinal0 [0x003E7156+1012054]&#10;	Ordinal0 [0x003E6FCF+1011663]&#10;	Ordinal0 [0x003F135B+1053531]&#10;	Ordinal0 [0x003F14C3+1053891]&#10;	Ordinal0 [0x003F04F5+1049845]&#10;	BaseThreadInitThunk [0x745A8494+36]&#10;	RtlAreBitsSet [0x775741C8+136]&#10;	RtlAreBitsSet [0x77574198+88]&#10;"/>
  </testcase>
</testsuite>