<?xml version="1.0" encoding="UTF-8"?>
<!-- Generated by org.testng.reporters.JUnitReportReporter -->
<testsuite skipped="0" hostname="DESKTOP-NMJEUIO" name="tests.Testbase" tests="1" failures="0" timestamp="05 Nov 2019 10:03:56 GMT" time="20.345" errors="1">
  <testcase name="initialize" time="20.345" classname="tests.Testbase">
    <error type="org.openqa.selenium.SessionNotCreatedException" message="session not created: This version of ChromeDriver only supports Chrome version 75
Build info: version: &#039;3.141.59&#039;, revision: &#039;e82be7d358&#039;, time: &#039;2018-11-14T08:17:03&#039;
System info: host: &#039;DESKTOP-NMJEUIO&#039;, ip: &#039;169.254.249.197&#039;, os.name: &#039;Windows 10&#039;, os.arch: &#039;amd64&#039;, os.version: &#039;10.0&#039;, java.version: &#039;1.8.0_231&#039;
Driver info: driver.version: ChromeDriver
remote stacktrace: Backtrace:
	Ordinal0 [0x00451B43+1448771]
	Ordinal0 [0x003D5A31+940593]
	Ordinal0 [0x00362293+467603]
	Ordinal0 [0x002FF27E+62078]
	Ordinal0 [0x002FBBBD+48061]
	Ordinal0 [0x00318D09+167177]
	Ordinal0 [0x003188DD+166109]
	Ordinal0 [0x00316FEB+159723]
	Ordinal0 [0x003009F6+68086]
	Ordinal0 [0x00301990+72080]
	Ordinal0 [0x00301929+71977]
	GetHandleVerifier [0x00592E8C+1172172]
	GetHandleVerifier [0x004EFE55+504469]
	GetHandleVerifier [0x004EFBF0+503856]
	Ordinal0 [0x0045C9C8+1493448]
	GetHandleVerifier [0x004F062A+506474]
	Ordinal0 [0x003E7156+1012054]
	Ordinal0 [0x003E6FCF+1011663]
	Ordinal0 [0x003F135B+1053531]
	Ordinal0 [0x003F14C3+1053891]
	Ordinal0 [0x003F04F5+1049845]
	BaseThreadInitThunk [0x745A8494+36]
	RtlAreBitsSet [0x775741C8+136]
	RtlAreBitsSet [0x77574198+88]
">
      <![CDATA[org.openqa.selenium.SessionNotCreatedException: session not created: This version of ChromeDriver only supports Chrome version 75
Build info: version: '3.141.59', revision: 'e82be7d358', time: '2018-11-14T08:17:03'
System info: host: 'DESKTOP-NMJEUIO', ip: '169.254.249.197', os.name: 'Windows 10', os.arch: 'amd64', os.version: '10.0', java.version: '1.8.0_231'
Driver info: driver.version: ChromeDriver
remote stacktrace: Backtrace:
Ordinal0 [0x00451B43+1448771]
Ordinal0 [0x003D5A31+940593]
Ordinal0 [0x00362293+467603]
Ordinal0 [0x002FF27E+62078]
Ordinal0 [0x002FBBBD+48061]
Ordinal0 [0x00318D09+167177]
Ordinal0 [0x003188DD+166109]
Ordinal0 [0x00316FEB+159723]
Ordinal0 [0x003009F6+68086]
Ordinal0 [0x00301990+72080]
Ordinal0 [0x00301929+71977]
GetHandleVerifier [0x00592E8C+1172172]
GetHandleVerifier [0x004EFE55+504469]
GetHandleVerifier [0x004EFBF0+503856]
Ordinal0 [0x0045C9C8+1493448]
GetHandleVerifier [0x004F062A+506474]
Ordinal0 [0x003E7156+1012054]
Ordinal0 [0x003E6FCF+1011663]
Ordinal0 [0x003F135B+1053531]
Ordinal0 [0x003F14C3+1053891]
Ordinal0 [0x003F04F5+1049845]
BaseThreadInitThunk [0x745A8494+36]
RtlAreBitsSet [0x775741C8+136]
RtlAreBitsSet [0x77574198+88]

at sun.reflect.NativeConstructorAccessorImpl.newInstance0(Native Method)
at sun.reflect.NativeConstructorAccessorImpl.newInstance(Unknown Source)
at sun.reflect.DelegatingConstructorAccessorImpl.newInstance(Unknown Source)
at java.lang.reflect.Constructor.newInstance(Unknown Source)
at org.openqa.selenium.remote.W3CHandshakeResponse.lambda$errorHandler$0(W3CHandshakeResponse.java:62)
at org.openqa.selenium.remote.HandshakeResponse.lambda$getResponseFunction$0(HandshakeResponse.java:30)
at org.openqa.selenium.remote.ProtocolHandshake.lambda$createSession$0(ProtocolHandshake.java:126)
at java.util.stream.ReferencePipeline$3$1.accept(Unknown Source)
at java.util.Spliterators$ArraySpliterator.tryAdvance(Unknown Source)
at java.util.stream.ReferencePipeline.forEachWithCancel(Unknown Source)
at java.util.stream.AbstractPipeline.copyIntoWithCancel(Unknown Source)
at java.util.stream.AbstractPipeline.copyInto(Unknown Source)
at java.util.stream.AbstractPipeline.wrapAndCopyInto(Unknown Source)
at java.util.stream.FindOps$FindOp.evaluateSequential(Unknown Source)
at java.util.stream.AbstractPipeline.evaluate(Unknown Source)
at java.util.stream.ReferencePipeline.findFirst(Unknown Source)
at org.openqa.selenium.remote.ProtocolHandshake.createSession(ProtocolHandshake.java:128)
at org.openqa.selenium.remote.ProtocolHandshake.createSession(ProtocolHandshake.java:74)
at org.openqa.selenium.remote.HttpCommandExecutor.execute(HttpCommandExecutor.java:136)
at org.openqa.selenium.remote.service.DriverCommandExecutor.execute(DriverCommandExecutor.java:83)
at org.openqa.selenium.remote.RemoteWebDriver.execute(RemoteWebDriver.java:552)
at org.openqa.selenium.remote.RemoteWebDriver.startSession(RemoteWebDriver.java:213)
at org.openqa.selenium.remote.RemoteWebDriver.<init>(RemoteWebDriver.java:131)
at org.openqa.selenium.chrome.ChromeDriver.<init>(ChromeDriver.java:181)
at org.openqa.selenium.chrome.ChromeDriver.<init>(ChromeDriver.java:168)
at org.openqa.selenium.chrome.ChromeDriver.<init>(ChromeDriver.java:123)
at tests.Testbase.initialize(Testbase.java:19)
at sun.reflect.NativeMethodAccessorImpl.invoke0(Native Method)
at sun.reflect.NativeMethodAccessorImpl.invoke(Unknown Source)
at sun.reflect.DelegatingMethodAccessorImpl.invoke(Unknown Source)
at java.lang.reflect.Method.invoke(Unknown Source)
at org.testng.internal.MethodInvocationHelper.invokeMethod(MethodInvocationHelper.java:124)
at org.testng.internal.MethodInvocationHelper.invokeMethodConsideringTimeout(MethodInvocationHelper.java:59)
at org.testng.internal.Invoker.invokeConfigurationMethod(Invoker.java:458)
at org.testng.internal.Invoker.invokeConfigurations(Invoker.java:222)
at org.testng.internal.Invoker.invokeConfigurations(Invoker.java:142)
at org.testng.SuiteRunner.privateRun(SuiteRunner.java:401)
at org.testng.SuiteRunner.run(SuiteRunner.java:364)
at org.testng.SuiteRunnerWorker.runSuite(SuiteRunnerWorker.java:52)
at org.testng.SuiteRunnerWorker.run(SuiteRunnerWorker.java:84)
at org.testng.TestNG.runSuitesSequentially(TestNG.java:1208)
at org.testng.TestNG.runSuitesLocally(TestNG.java:1137)
at org.testng.TestNG.runSuites(TestNG.java:1049)
at org.testng.TestNG.run(TestNG.java:1017)
at org.apache.maven.surefire.testng.TestNGExecutor.run(TestNGExecutor.java:283)
at org.apache.maven.surefire.testng.TestNGXmlTestSuite.execute(TestNGXmlTestSuite.java:75)
at org.apache.maven.surefire.testng.TestNGProvider.invoke(TestNGProvider.java:120)
at org.apache.maven.surefire.booter.ForkedBooter.invokeProviderInSameClassLoader(ForkedBooter.java:384)
at org.apache.maven.surefire.booter.ForkedBooter.runSuitesInProcess(ForkedBooter.java:345)
at org.apache.maven.surefire.booter.ForkedBooter.execute(ForkedBooter.java:126)
at org.apache.maven.surefire.booter.ForkedBooter.main(ForkedBooter.java:418)
]]>
    </error>
  </testcase> <!-- initialize -->
</testsuite> <!-- tests.Testbase -->
